<?xml version="1.0" encoding="UTF-8"?>
<!-- Generated by org.testng.reporters.JUnitXMLReporter -->
<testsuite ignored="3" hostname="LAPTOP-6BLT8BB7" failures="0" tests="1" name="Logintest" time="0.512" errors="0" timestamp="2024-01-23T23:22:49 IST">
  <testcase classname="com.nopCommerceapplication.testcases.Logintest" name="logintestwithinvalidcredentials" time="0.075">
    <skipped/>
  </testcase> <!-- logintestwithinvalidcredentials -->
  <testcase classname="com.nopCommerceapplication.testcases.Logintest" name="logintestwithvalidcredentials" time="0.0">
    <ignored/>
  </testcase> <!-- logintestwithvalidcredentials -->
  <testcase classname="com.nopCommerceapplication.testcases.Logintest" name="logintestwithonlypasswordispassed" time="0.0">
    <ignored/>
  </testcase> <!-- logintestwithonlypasswordispassed -->
  <testcase classname="com.nopCommerceapplication.testcases.Logintest" name="logintestwithonlyusernameispassed" time="0.0">
    <ignored/>
  </testcase> <!-- logintestwithonlyusernameispassed -->
</testsuite> <!-- Logintest -->
