<?xml version="1.0" encoding="UTF-8"?>
<!-- Generated by org.testng.reporters.JUnitXMLReporter -->
<testsuite ignored="0" hostname="LAPTOP-6BLT8BB7" failures="2" tests="11" name="Test" time="60.452" errors="0" timestamp="2024-01-28T21:06:42 IST">
  <testcase classname="com.nopCommerceapplication.testcases.Logintest" name="logintestwithvalidcredentials" time="2.73"/>
  <testcase classname="com.nopCommerceapplication.testcases.Logintest" name="logintestwithinvalidcredentials" time="0.829"/>
  <testcase classname="com.nopCommerceapplication.testcases.Logintest" name="logintestwithonlyusernameispassed" time="0.786"/>
  <testcase classname="com.nopCommerceapplication.testcases.Logintest" name="logintestwithonlyusernamepassed" time="0.397"/>
  <testcase classname="com.nopCommerceapplication.testcases.checkingorderstest" name="checkingorders" time="10.731"/>
  <testcase classname="com.nopCommerceapplication.testcases.Addcustomertest" name="Addcustomer" time="8.274"/>
  <testcase classname="com.nopCommerceapplication.testcases.DatadrivenonLogin" name="DdLogintest" time="2.025"/>
  <testcase classname="com.nopCommerceapplication.testcases.DatadrivenonLogin" name="DdLogintest" time="0.743">
    <skipped/>
  </testcase> <!-- DdLogintest -->
  <testcase classname="com.nopCommerceapplication.testcases.DatadrivenonLogin" name="DdLogintest" time="0.753">
    <failure type="java.lang.AssertionError" message="expected [https://admin-demo.nopcommerce.com/admin/] but found [https://admin-demo.nopcommerce.com/login?returnurl=%2Fadmin%2F]">
      <![CDATA[java.lang.AssertionError: expected [https://admin-demo.nopcommerce.com/admin/] but found [https://admin-demo.nopcommerce.com/login?returnurl=%2Fadmin%2F]
at com.nopCommerceapplication.testcases.DatadrivenonLogin.DdLogintest(DatadrivenonLogin.java:34)
at java.base/java.util.ArrayList.forEach(ArrayList.java:1511)
... Removed 31 stack frames]]>
    </failure>
  </testcase> <!-- DdLogintest -->
  <testcase classname="com.nopCommerceapplication.testcases.DatadrivenonLogin" name="DdLogintest" time="0.121">
    <skipped/>
  </testcase> <!-- DdLogintest -->
  <testcase classname="com.nopCommerceapplication.testcases.DatadrivenonLogin" name="DdLogintest" time="0.076">
    <failure type="java.lang.IllegalArgumentException" message="Keys to send should be a not null CharSequence">
      <![CDATA[java.lang.IllegalArgumentException: Keys to send should be a not null CharSequence
at org.openqa.selenium.remote.RemoteWebElement.sendKeys(RemoteWebElement.java:97)
at org.openqa.selenium.support.pagefactory.internal.LocatingElementHandler.invoke(LocatingElementHandler.java:51)
at jdk.proxy2/jdk.proxy2.$Proxy16.sendKeys(Unknown Source)
at com.nopCommerceapplication.pageobject.Loginpage.setusername(Loginpage.java:39)
at com.nopCommerceapplication.testcases.DatadrivenonLogin.DdLogintest(DatadrivenonLogin.java:22)
at java.base/java.util.ArrayList.forEach(ArrayList.java:1511)
... Removed 27 stack frames]]>
    </failure>
  </testcase> <!-- DdLogintest -->
</testsuite> <!-- Test -->
