<?xml version="1.0" encoding="UTF-8"?>
<!-- Generated by org.testng.reporters.JUnitXMLReporter -->
<testsuite ignored="0" hostname="LAPTOP-6BLT8BB7" failures="2" tests="3" name="Test(failed)" time="45.127" errors="0" timestamp="2023-08-22T20:35:25 IST">
  <testcase classname="com.nopCommerceapplication.testcases.DDLogintest" name="DdLogintest" time="4.754">
    <failure type="java.lang.AssertionError" message="expected [https://admin-demo.nopcommerce.com/admin/] but found [https://admin-demo.nopcommerce.com/login?returnurl=%2Fadmin%2F]">
      <![CDATA[java.lang.AssertionError: expected [https://admin-demo.nopcommerce.com/admin/] but found [https://admin-demo.nopcommerce.com/login?returnurl=%2Fadmin%2F]
at com.nopCommerceapplication.testcases.DDLogintest.DdLogintest(DDLogintest.java:36)
at java.base/java.util.ArrayList.forEach(ArrayList.java:1511)
... Removed 31 stack frames]]>
    </failure>
  </testcase> <!-- DdLogintest -->
  <testcase classname="com.nopCommerceapplication.testcases.DDLogintest" name="DdLogintest" time="3.485">
    <failure type="java.lang.AssertionError" message="expected [https://admin-demo.nopcommerce.com/admin/] but found [https://admin-demo.nopcommerce.com/login?ReturnUrl=%2Fadmin%2F]">
      <![CDATA[java.lang.AssertionError: expected [https://admin-demo.nopcommerce.com/admin/] but found [https://admin-demo.nopcommerce.com/login?ReturnUrl=%2Fadmin%2F]
at com.nopCommerceapplication.testcases.DDLogintest.DdLogintest(DDLogintest.java:36)
at java.base/java.util.ArrayList.forEach(ArrayList.java:1511)
... Removed 31 stack frames]]>
    </failure>
  </testcase> <!-- DdLogintest -->
  <testcase classname="com.nopCommerceapplication.testcases.checkingorderstest" name="checkingorders" time="15.695"/>
</testsuite> <!-- Test(failed) -->
