<?xml version="1.0" encoding="UTF-8"?>
<testng-results retried="2" ignored="0" total="11" passed="7" failed="2" skipped="0">
  <reporter-output>
  </reporter-output>
  <suite started-at="2024-02-23T13:06:01 IST" name="Suite" finished-at="2024-02-23T13:07:47 IST" duration-ms="106165">
    <groups>
      <group name="smoke,Regression">
        <method signature="Logintest.logintestwithvalidcredentials()[pri:1, instance:com.nopCommerceapplication.testcases.Logintest@6c64cb25]" name="logintestwithvalidcredentials" class="com.nopCommerceapplication.testcases.Logintest"/>
      </group> <!-- smoke,Regression -->
      <group name="smoke">
        <method signature="DatadrivenonLogin.DdLogintest(java.lang.String,java.lang.String)[pri:0, instance:com.nopCommerceapplication.testcases.DatadrivenonLogin@72967906]" name="DdLogintest" class="com.nopCommerceapplication.testcases.DatadrivenonLogin"/>
        <method signature="Logintest.logintestwithinvalidcredentials()[pri:2, instance:com.nopCommerceapplication.testcases.Logintest@6c64cb25]" name="logintestwithinvalidcredentials" class="com.nopCommerceapplication.testcases.Logintest"/>
      </group> <!-- smoke -->
      <group name="sanity">
        <method signature="checkingorderstest.checkingorders()[pri:0, instance:com.nopCommerceapplication.testcases.checkingorderstest@5b8dfcc1]" name="checkingorders" class="com.nopCommerceapplication.testcases.checkingorderstest"/>
        <method signature="Logintest.logintestwithonlyusernameispassed()[pri:3, instance:com.nopCommerceapplication.testcases.Logintest@6c64cb25]" name="logintestwithonlyusernameispassed" class="com.nopCommerceapplication.testcases.Logintest"/>
      </group> <!-- sanity -->
    </groups>
    <test started-at="2024-02-23T13:06:01 IST" name="Test" finished-at="2024-02-23T13:07:47 IST" duration-ms="106165">
      <class name="com.nopCommerceapplication.testcases.DatadrivenonLogin">
        <test-method is-config="true" signature="setup(java.lang.String)[pri:0, instance:com.nopCommerceapplication.testcases.DatadrivenonLogin@72967906]" started-at="2024-02-23T13:06:34 IST" name="setup" finished-at="2024-02-23T13:06:40 IST" duration-ms="5984" status="PASS">
          <params>
            <param index="0">
              <value>
                <![CDATA[chrome]]>
              </value>
            </param>
          </params>
          <reporter-output>
          </reporter-output>
        </test-method> <!-- setup -->
        <test-method signature="DdLogintest(java.lang.String,java.lang.String)[pri:0, instance:com.nopCommerceapplication.testcases.DatadrivenonLogin@72967906]" started-at="2024-02-23T13:06:40 IST" name="DdLogintest" data-provider="abc" finished-at="2024-02-23T13:06:44 IST" duration-ms="3859" status="PASS">
          <params>
            <param index="0">
              <value>
                <![CDATA[admin@yourstore.com]]>
              </value>
            </param>
            <param index="1">
              <value>
                <![CDATA[admin]]>
              </value>
            </param>
          </params>
          <reporter-output>
          </reporter-output>
        </test-method> <!-- DdLogintest -->
        <test-method is-config="true" signature="teardown()[pri:0, instance:com.nopCommerceapplication.testcases.DatadrivenonLogin@72967906]" started-at="2024-02-23T13:06:44 IST" name="teardown" finished-at="2024-02-23T13:06:44 IST" duration-ms="231" status="PASS">
          <reporter-output>
          </reporter-output>
        </test-method> <!-- teardown -->
        <test-method is-config="true" signature="setup(java.lang.String)[pri:0, instance:com.nopCommerceapplication.testcases.DatadrivenonLogin@72967906]" started-at="2024-02-23T13:06:44 IST" name="setup" finished-at="2024-02-23T13:06:51 IST" duration-ms="6854" status="PASS">
          <params>
            <param index="0">
              <value>
                <![CDATA[chrome]]>
              </value>
            </param>
          </params>
          <reporter-output>
          </reporter-output>
        </test-method> <!-- setup -->
        <test-method retried="true" signature="DdLogintest(java.lang.String,java.lang.String)[pri:0, instance:com.nopCommerceapplication.testcases.DatadrivenonLogin@72967906]" started-at="2024-02-23T13:06:51 IST" name="DdLogintest" data-provider="abc" finished-at="2024-02-23T13:06:52 IST" duration-ms="1032" status="SKIP">
          <params>
            <param index="0">
              <value>
                <![CDATA[admin@yourstore.com]]>
              </value>
            </param>
            <param index="1">
              <value>
                <![CDATA[admin1]]>
              </value>
            </param>
          </params>
          <exception class="java.lang.AssertionError">
            <message>
              <![CDATA[expected [https://admin-demo.nopcommerce.com/admin/] but found [https://admin-demo.nopcommerce.com/login?returnurl=%2Fadmin%2F]]]>
            </message>
            <full-stacktrace>
              <![CDATA[java.lang.AssertionError: expected [https://admin-demo.nopcommerce.com/admin/] but found [https://admin-demo.nopcommerce.com/login?returnurl=%2Fadmin%2F]
at org.testng.Assert.fail(Assert.java:110)
at org.testng.Assert.failNotEquals(Assert.java:1413)
at org.testng.Assert.assertEqualsImpl(Assert.java:149)
at org.testng.Assert.assertEquals(Assert.java:131)
at org.testng.Assert.assertEquals(Assert.java:655)
at org.testng.Assert.assertEquals(Assert.java:665)
at com.nopCommerceapplication.testcases.DatadrivenonLogin.DdLogintest(DatadrivenonLogin.java:34)
at java.base/jdk.internal.reflect.NativeMethodAccessorImpl.invoke0(Native Method)
at java.base/jdk.internal.reflect.NativeMethodAccessorImpl.invoke(NativeMethodAccessorImpl.java:77)
at java.base/jdk.internal.reflect.DelegatingMethodAccessorImpl.invoke(DelegatingMethodAccessorImpl.java:43)
at java.base/java.lang.reflect.Method.invoke(Method.java:568)
at org.testng.internal.invokers.MethodInvocationHelper.invokeMethod(MethodInvocationHelper.java:136)
at org.testng.internal.invokers.TestInvoker.invokeMethod(TestInvoker.java:658)
at org.testng.internal.invokers.TestInvoker.invokeTestMethod(TestInvoker.java:219)
at org.testng.internal.invokers.MethodRunner.runInSequence(MethodRunner.java:50)
at org.testng.internal.invokers.TestInvoker$MethodInvocationAgent.invoke(TestInvoker.java:923)
at org.testng.internal.invokers.TestInvoker.invokeTestMethods(TestInvoker.java:192)
at org.testng.internal.invokers.TestMethodWorker.invokeTestMethods(TestMethodWorker.java:146)
at org.testng.internal.invokers.TestMethodWorker.run(TestMethodWorker.java:128)
at java.base/java.util.ArrayList.forEach(ArrayList.java:1511)
at org.testng.TestRunner.privateRun(TestRunner.java:808)
at org.testng.TestRunner.run(TestRunner.java:603)
at org.testng.SuiteRunner.runTest(SuiteRunner.java:429)
at org.testng.SuiteRunner.runSequentially(SuiteRunner.java:423)
at org.testng.SuiteRunner.privateRun(SuiteRunner.java:383)
at org.testng.SuiteRunner.run(SuiteRunner.java:326)
at org.testng.SuiteRunnerWorker.runSuite(SuiteRunnerWorker.java:52)
at org.testng.SuiteRunnerWorker.run(SuiteRunnerWorker.java:95)
at org.testng.TestNG.runSuitesSequentially(TestNG.java:1249)
at org.testng.TestNG.runSuitesLocally(TestNG.java:1169)
at org.testng.TestNG.runSuites(TestNG.java:1092)
at org.testng.TestNG.run(TestNG.java:1060)
at org.testng.remote.AbstractRemoteTestNG.run(AbstractRemoteTestNG.java:115)
at org.testng.remote.RemoteTestNG.initAndRun(RemoteTestNG.java:251)
at org.testng.remote.RemoteTestNG.main(RemoteTestNG.java:77)
]]>
            </full-stacktrace>
          </exception> <!-- java.lang.AssertionError -->
          <reporter-output>
          </reporter-output>
        </test-method> <!-- DdLogintest -->
        <test-method is-config="true" signature="teardown()[pri:0, instance:com.nopCommerceapplication.testcases.DatadrivenonLogin@72967906]" started-at="2024-02-23T13:06:52 IST" name="teardown" finished-at="2024-02-23T13:06:52 IST" duration-ms="192" status="PASS">
          <reporter-output>
          </reporter-output>
        </test-method> <!-- teardown -->
        <test-method is-config="true" signature="setup(java.lang.String)[pri:0, instance:com.nopCommerceapplication.testcases.DatadrivenonLogin@72967906]" started-at="2024-02-23T13:06:52 IST" name="setup" finished-at="2024-02-23T13:06:59 IST" duration-ms="6614" status="PASS">
          <params>
            <param index="0">
              <value>
                <![CDATA[chrome]]>
              </value>
            </param>
          </params>
          <reporter-output>
          </reporter-output>
        </test-method> <!-- setup -->
        <test-method signature="DdLogintest(java.lang.String,java.lang.String)[pri:0, instance:com.nopCommerceapplication.testcases.DatadrivenonLogin@72967906]" started-at="2024-02-23T13:06:59 IST" name="DdLogintest" data-provider="abc" finished-at="2024-02-23T13:07:00 IST" duration-ms="1064" status="FAIL">
          <params>
            <param index="0">
              <value>
                <![CDATA[admin@yourstore.com]]>
              </value>
            </param>
            <param index="1">
              <value>
                <![CDATA[admin1]]>
              </value>
            </param>
          </params>
          <exception class="java.lang.AssertionError">
            <message>
              <![CDATA[expected [https://admin-demo.nopcommerce.com/admin/] but found [https://admin-demo.nopcommerce.com/login?returnurl=%2Fadmin%2F]]]>
            </message>
            <full-stacktrace>
              <![CDATA[java.lang.AssertionError: expected [https://admin-demo.nopcommerce.com/admin/] but found [https://admin-demo.nopcommerce.com/login?returnurl=%2Fadmin%2F]
at org.testng.Assert.fail(Assert.java:110)
at org.testng.Assert.failNotEquals(Assert.java:1413)
at org.testng.Assert.assertEqualsImpl(Assert.java:149)
at org.testng.Assert.assertEquals(Assert.java:131)
at org.testng.Assert.assertEquals(Assert.java:655)
at org.testng.Assert.assertEquals(Assert.java:665)
at com.nopCommerceapplication.testcases.DatadrivenonLogin.DdLogintest(DatadrivenonLogin.java:34)
at java.base/jdk.internal.reflect.NativeMethodAccessorImpl.invoke0(Native Method)
at java.base/jdk.internal.reflect.NativeMethodAccessorImpl.invoke(NativeMethodAccessorImpl.java:77)
at java.base/jdk.internal.reflect.DelegatingMethodAccessorImpl.invoke(DelegatingMethodAccessorImpl.java:43)
at java.base/java.lang.reflect.Method.invoke(Method.java:568)
at org.testng.internal.invokers.MethodInvocationHelper.invokeMethod(MethodInvocationHelper.java:136)
at org.testng.internal.invokers.TestInvoker.invokeMethod(TestInvoker.java:658)
at org.testng.internal.invokers.TestInvoker.retryFailed(TestInvoker.java:261)
at org.testng.internal.invokers.MethodRunner.runInSequence(MethodRunner.java:62)
at org.testng.internal.invokers.TestInvoker$MethodInvocationAgent.invoke(TestInvoker.java:923)
at org.testng.internal.invokers.TestInvoker.invokeTestMethods(TestInvoker.java:192)
at org.testng.internal.invokers.TestMethodWorker.invokeTestMethods(TestMethodWorker.java:146)
at org.testng.internal.invokers.TestMethodWorker.run(TestMethodWorker.java:128)
at java.base/java.util.ArrayList.forEach(ArrayList.java:1511)
at org.testng.TestRunner.privateRun(TestRunner.java:808)
at org.testng.TestRunner.run(TestRunner.java:603)
at org.testng.SuiteRunner.runTest(SuiteRunner.java:429)
at org.testng.SuiteRunner.runSequentially(SuiteRunner.java:423)
at org.testng.SuiteRunner.privateRun(SuiteRunner.java:383)
at org.testng.SuiteRunner.run(SuiteRunner.java:326)
at org.testng.SuiteRunnerWorker.runSuite(SuiteRunnerWorker.java:52)
at org.testng.SuiteRunnerWorker.run(SuiteRunnerWorker.java:95)
at org.testng.TestNG.runSuitesSequentially(TestNG.java:1249)
at org.testng.TestNG.runSuitesLocally(TestNG.java:1169)
at org.testng.TestNG.runSuites(TestNG.java:1092)
at org.testng.TestNG.run(TestNG.java:1060)
at org.testng.remote.AbstractRemoteTestNG.run(AbstractRemoteTestNG.java:115)
at org.testng.remote.RemoteTestNG.initAndRun(RemoteTestNG.java:251)
at org.testng.remote.RemoteTestNG.main(RemoteTestNG.java:77)
]]>
            </full-stacktrace>
          </exception> <!-- java.lang.AssertionError -->
          <reporter-output>
          </reporter-output>
        </test-method> <!-- DdLogintest -->
        <test-method is-config="true" signature="teardown()[pri:0, instance:com.nopCommerceapplication.testcases.DatadrivenonLogin@72967906]" started-at="2024-02-23T13:07:00 IST" name="teardown" finished-at="2024-02-23T13:07:00 IST" duration-ms="221" status="PASS">
          <reporter-output>
          </reporter-output>
        </test-method> <!-- teardown -->
        <test-method is-config="true" signature="setup(java.lang.String)[pri:0, instance:com.nopCommerceapplication.testcases.DatadrivenonLogin@72967906]" started-at="2024-02-23T13:07:00 IST" name="setup" finished-at="2024-02-23T13:07:06 IST" duration-ms="6215" status="PASS">
          <params>
            <param index="0">
              <value>
                <![CDATA[chrome]]>
              </value>
            </param>
          </params>
          <reporter-output>
          </reporter-output>
        </test-method> <!-- setup -->
        <test-method retried="true" signature="DdLogintest(java.lang.String,java.lang.String)[pri:0, instance:com.nopCommerceapplication.testcases.DatadrivenonLogin@72967906]" started-at="2024-02-23T13:07:06 IST" name="DdLogintest" data-provider="abc" finished-at="2024-02-23T13:07:06 IST" duration-ms="97" status="SKIP">
          <params>
            <param index="0">
              <value is-null="true"/>
            </param>
            <param index="1">
              <value is-null="true"/>
            </param>
          </params>
          <exception class="java.lang.IllegalArgumentException">
            <message>
              <![CDATA[Keys to send should be a not null CharSequence]]>
            </message>
            <full-stacktrace>
              <![CDATA[java.lang.IllegalArgumentException: Keys to send should be a not null CharSequence
at org.openqa.selenium.remote.RemoteWebElement.sendKeys(RemoteWebElement.java:96)
at java.base/jdk.internal.reflect.NativeMethodAccessorImpl.invoke0(Native Method)
at java.base/jdk.internal.reflect.NativeMethodAccessorImpl.invoke(NativeMethodAccessorImpl.java:77)
at java.base/jdk.internal.reflect.DelegatingMethodAccessorImpl.invoke(DelegatingMethodAccessorImpl.java:43)
at java.base/java.lang.reflect.Method.invoke(Method.java:568)
at org.openqa.selenium.support.pagefactory.internal.LocatingElementHandler.invoke(LocatingElementHandler.java:51)
at jdk.proxy2/jdk.proxy2.$Proxy16.sendKeys(Unknown Source)
at com.nopCommerceapplication.pageobject.Loginpage.setusername(Loginpage.java:43)
at com.nopCommerceapplication.testcases.DatadrivenonLogin.DdLogintest(DatadrivenonLogin.java:22)
at java.base/jdk.internal.reflect.NativeMethodAccessorImpl.invoke0(Native Method)
at java.base/jdk.internal.reflect.NativeMethodAccessorImpl.invoke(NativeMethodAccessorImpl.java:77)
at java.base/jdk.internal.reflect.DelegatingMethodAccessorImpl.invoke(DelegatingMethodAccessorImpl.java:43)
at java.base/java.lang.reflect.Method.invoke(Method.java:568)
at org.testng.internal.invokers.MethodInvocationHelper.invokeMethod(MethodInvocationHelper.java:136)
at org.testng.internal.invokers.TestInvoker.invokeMethod(TestInvoker.java:658)
at org.testng.internal.invokers.TestInvoker.invokeTestMethod(TestInvoker.java:219)
at org.testng.internal.invokers.MethodRunner.runInSequence(MethodRunner.java:50)
at org.testng.internal.invokers.TestInvoker$MethodInvocationAgent.invoke(TestInvoker.java:923)
at org.testng.internal.invokers.TestInvoker.invokeTestMethods(TestInvoker.java:192)
at org.testng.internal.invokers.TestMethodWorker.invokeTestMethods(TestMethodWorker.java:146)
at org.testng.internal.invokers.TestMethodWorker.run(TestMethodWorker.java:128)
at java.base/java.util.ArrayList.forEach(ArrayList.java:1511)
at org.testng.TestRunner.privateRun(TestRunner.java:808)
at org.testng.TestRunner.run(TestRunner.java:603)
at org.testng.SuiteRunner.runTest(SuiteRunner.java:429)
at org.testng.SuiteRunner.runSequentially(SuiteRunner.java:423)
at org.testng.SuiteRunner.privateRun(SuiteRunner.java:383)
at org.testng.SuiteRunner.run(SuiteRunner.java:326)
at org.testng.SuiteRunnerWorker.runSuite(SuiteRunnerWorker.java:52)
at org.testng.SuiteRunnerWorker.run(SuiteRunnerWorker.java:95)
at org.testng.TestNG.runSuitesSequentially(TestNG.java:1249)
at org.testng.TestNG.runSuitesLocally(TestNG.java:1169)
at org.testng.TestNG.runSuites(TestNG.java:1092)
at org.testng.TestNG.run(TestNG.java:1060)
at org.testng.remote.AbstractRemoteTestNG.run(AbstractRemoteTestNG.java:115)
at org.testng.remote.RemoteTestNG.initAndRun(RemoteTestNG.java:251)
at org.testng.remote.RemoteTestNG.main(RemoteTestNG.java:77)
]]>
            </full-stacktrace>
          </exception> <!-- java.lang.IllegalArgumentException -->
          <reporter-output>
          </reporter-output>
        </test-method> <!-- DdLogintest -->
        <test-method is-config="true" signature="teardown()[pri:0, instance:com.nopCommerceapplication.testcases.DatadrivenonLogin@72967906]" started-at="2024-02-23T13:07:06 IST" name="teardown" finished-at="2024-02-23T13:07:06 IST" duration-ms="193" status="PASS">
          <reporter-output>
          </reporter-output>
        </test-method> <!-- teardown -->
        <test-method is-config="true" signature="setup(java.lang.String)[pri:0, instance:com.nopCommerceapplication.testcases.DatadrivenonLogin@72967906]" started-at="2024-02-23T13:07:07 IST" name="setup" finished-at="2024-02-23T13:07:13 IST" duration-ms="6032" status="PASS">
          <params>
            <param index="0">
              <value>
                <![CDATA[chrome]]>
              </value>
            </param>
          </params>
          <reporter-output>
          </reporter-output>
        </test-method> <!-- setup -->
        <test-method signature="DdLogintest(java.lang.String,java.lang.String)[pri:0, instance:com.nopCommerceapplication.testcases.DatadrivenonLogin@72967906]" started-at="2024-02-23T13:07:13 IST" name="DdLogintest" data-provider="abc" finished-at="2024-02-23T13:07:13 IST" duration-ms="99" status="FAIL">
          <params>
            <param index="0">
              <value is-null="true"/>
            </param>
            <param index="1">
              <value is-null="true"/>
            </param>
          </params>
          <exception class="java.lang.IllegalArgumentException">
            <message>
              <![CDATA[Keys to send should be a not null CharSequence]]>
            </message>
            <full-stacktrace>
              <![CDATA[java.lang.IllegalArgumentException: Keys to send should be a not null CharSequence
at org.openqa.selenium.remote.RemoteWebElement.sendKeys(RemoteWebElement.java:96)
at java.base/jdk.internal.reflect.NativeMethodAccessorImpl.invoke0(Native Method)
at java.base/jdk.internal.reflect.NativeMethodAccessorImpl.invoke(NativeMethodAccessorImpl.java:77)
at java.base/jdk.internal.reflect.DelegatingMethodAccessorImpl.invoke(DelegatingMethodAccessorImpl.java:43)
at java.base/java.lang.reflect.Method.invoke(Method.java:568)
at org.openqa.selenium.support.pagefactory.internal.LocatingElementHandler.invoke(LocatingElementHandler.java:51)
at jdk.proxy2/jdk.proxy2.$Proxy16.sendKeys(Unknown Source)
at com.nopCommerceapplication.pageobject.Loginpage.setusername(Loginpage.java:43)
at com.nopCommerceapplication.testcases.DatadrivenonLogin.DdLogintest(DatadrivenonLogin.java:22)
at java.base/jdk.internal.reflect.NativeMethodAccessorImpl.invoke0(Native Method)
at java.base/jdk.internal.reflect.NativeMethodAccessorImpl.invoke(NativeMethodAccessorImpl.java:77)
at java.base/jdk.internal.reflect.DelegatingMethodAccessorImpl.invoke(DelegatingMethodAccessorImpl.java:43)
at java.base/java.lang.reflect.Method.invoke(Method.java:568)
at org.testng.internal.invokers.MethodInvocationHelper.invokeMethod(MethodInvocationHelper.java:136)
at org.testng.internal.invokers.TestInvoker.invokeMethod(TestInvoker.java:658)
at org.testng.internal.invokers.TestInvoker.retryFailed(TestInvoker.java:261)
at org.testng.internal.invokers.MethodRunner.runInSequence(MethodRunner.java:62)
at org.testng.internal.invokers.TestInvoker$MethodInvocationAgent.invoke(TestInvoker.java:923)
at org.testng.internal.invokers.TestInvoker.invokeTestMethods(TestInvoker.java:192)
at org.testng.internal.invokers.TestMethodWorker.invokeTestMethods(TestMethodWorker.java:146)
at org.testng.internal.invokers.TestMethodWorker.run(TestMethodWorker.java:128)
at java.base/java.util.ArrayList.forEach(ArrayList.java:1511)
at org.testng.TestRunner.privateRun(TestRunner.java:808)
at org.testng.TestRunner.run(TestRunner.java:603)
at org.testng.SuiteRunner.runTest(SuiteRunner.java:429)
at org.testng.SuiteRunner.runSequentially(SuiteRunner.java:423)
at org.testng.SuiteRunner.privateRun(SuiteRunner.java:383)
at org.testng.SuiteRunner.run(SuiteRunner.java:326)
at org.testng.SuiteRunnerWorker.runSuite(SuiteRunnerWorker.java:52)
at org.testng.SuiteRunnerWorker.run(SuiteRunnerWorker.java:95)
at org.testng.TestNG.runSuitesSequentially(TestNG.java:1249)
at org.testng.TestNG.runSuitesLocally(TestNG.java:1169)
at org.testng.TestNG.runSuites(TestNG.java:1092)
at org.testng.TestNG.run(TestNG.java:1060)
at org.testng.remote.AbstractRemoteTestNG.run(AbstractRemoteTestNG.java:115)
at org.testng.remote.RemoteTestNG.initAndRun(RemoteTestNG.java:251)
at org.testng.remote.RemoteTestNG.main(RemoteTestNG.java:77)
]]>
            </full-stacktrace>
          </exception> <!-- java.lang.IllegalArgumentException -->
          <reporter-output>
          </reporter-output>
        </test-method> <!-- DdLogintest -->
        <test-method is-config="true" signature="teardown()[pri:0, instance:com.nopCommerceapplication.testcases.DatadrivenonLogin@72967906]" started-at="2024-02-23T13:07:13 IST" name="teardown" finished-at="2024-02-23T13:07:13 IST" duration-ms="209" status="PASS">
          <reporter-output>
          </reporter-output>
        </test-method> <!-- teardown -->
      </class> <!-- com.nopCommerceapplication.testcases.DatadrivenonLogin -->
      <class name="com.nopCommerceapplication.testcases.checkingorderstest">
        <test-method is-config="true" signature="setup(java.lang.String)[pri:0, instance:com.nopCommerceapplication.testcases.checkingorderstest@5b8dfcc1]" started-at="2024-02-23T13:07:13 IST" name="setup" finished-at="2024-02-23T13:07:18 IST" duration-ms="4830" status="PASS">
          <params>
            <param index="0">
              <value>
                <![CDATA[chrome]]>
              </value>
            </param>
          </params>
          <reporter-output>
          </reporter-output>
        </test-method> <!-- setup -->
        <test-method signature="checkingorders()[pri:0, instance:com.nopCommerceapplication.testcases.checkingorderstest@5b8dfcc1]" started-at="2024-02-23T13:07:18 IST" name="checkingorders" finished-at="2024-02-23T13:07:30 IST" duration-ms="12054" status="PASS">
          <reporter-output>
          </reporter-output>
        </test-method> <!-- checkingorders -->
        <test-method is-config="true" signature="teardown()[pri:0, instance:com.nopCommerceapplication.testcases.checkingorderstest@5b8dfcc1]" started-at="2024-02-23T13:07:30 IST" name="teardown" finished-at="2024-02-23T13:07:30 IST" duration-ms="327" status="PASS">
          <reporter-output>
          </reporter-output>
        </test-method> <!-- teardown -->
      </class> <!-- com.nopCommerceapplication.testcases.checkingorderstest -->
      <class name="com.nopCommerceapplication.testcases.Logintest">
        <test-method is-config="true" signature="setup(java.lang.String)[pri:0, instance:com.nopCommerceapplication.testcases.Logintest@6c64cb25]" started-at="2024-02-23T13:06:02 IST" name="setup" finished-at="2024-02-23T13:06:07 IST" duration-ms="5706" status="PASS">
          <params>
            <param index="0">
              <value>
                <![CDATA[chrome]]>
              </value>
            </param>
          </params>
          <reporter-output>
          </reporter-output>
        </test-method> <!-- setup -->
        <test-method signature="logintestwithvalidcredentials()[pri:1, instance:com.nopCommerceapplication.testcases.Logintest@6c64cb25]" started-at="2024-02-23T13:06:07 IST" name="logintestwithvalidcredentials" finished-at="2024-02-23T13:06:11 IST" duration-ms="3851" status="PASS">
          <reporter-output>
          </reporter-output>
        </test-method> <!-- logintestwithvalidcredentials -->
        <test-method is-config="true" signature="teardown()[pri:0, instance:com.nopCommerceapplication.testcases.Logintest@6c64cb25]" started-at="2024-02-23T13:06:11 IST" name="teardown" finished-at="2024-02-23T13:06:11 IST" duration-ms="211" status="PASS">
          <reporter-output>
          </reporter-output>
        </test-method> <!-- teardown -->
        <test-method is-config="true" signature="setup(java.lang.String)[pri:0, instance:com.nopCommerceapplication.testcases.Logintest@6c64cb25]" started-at="2024-02-23T13:06:11 IST" name="setup" finished-at="2024-02-23T13:06:17 IST" duration-ms="6142" status="PASS">
          <params>
            <param index="0">
              <value>
                <![CDATA[chrome]]>
              </value>
            </param>
          </params>
          <reporter-output>
          </reporter-output>
        </test-method> <!-- setup -->
        <test-method signature="logintestwithinvalidcredentials()[pri:2, instance:com.nopCommerceapplication.testcases.Logintest@6c64cb25]" started-at="2024-02-23T13:06:17 IST" name="logintestwithinvalidcredentials" finished-at="2024-02-23T13:06:19 IST" duration-ms="1079" status="PASS">
          <reporter-output>
          </reporter-output>
        </test-method> <!-- logintestwithinvalidcredentials -->
        <test-method is-config="true" signature="teardown()[pri:0, instance:com.nopCommerceapplication.testcases.Logintest@6c64cb25]" started-at="2024-02-23T13:06:19 IST" name="teardown" finished-at="2024-02-23T13:06:19 IST" duration-ms="185" status="PASS">
          <reporter-output>
          </reporter-output>
        </test-method> <!-- teardown -->
        <test-method is-config="true" signature="setup(java.lang.String)[pri:0, instance:com.nopCommerceapplication.testcases.Logintest@6c64cb25]" started-at="2024-02-23T13:06:19 IST" name="setup" finished-at="2024-02-23T13:06:25 IST" duration-ms="6143" status="PASS">
          <params>
            <param index="0">
              <value>
                <![CDATA[chrome]]>
              </value>
            </param>
          </params>
          <reporter-output>
          </reporter-output>
        </test-method> <!-- setup -->
        <test-method signature="logintestwithonlyusernameispassed()[pri:3, instance:com.nopCommerceapplication.testcases.Logintest@6c64cb25]" started-at="2024-02-23T13:06:25 IST" name="logintestwithonlyusernameispassed" finished-at="2024-02-23T13:06:26 IST" duration-ms="1046" status="PASS">
          <reporter-output>
          </reporter-output>
        </test-method> <!-- logintestwithonlyusernameispassed -->
        <test-method is-config="true" signature="teardown()[pri:0, instance:com.nopCommerceapplication.testcases.Logintest@6c64cb25]" started-at="2024-02-23T13:06:26 IST" name="teardown" finished-at="2024-02-23T13:06:26 IST" duration-ms="183" status="PASS">
          <reporter-output>
          </reporter-output>
        </test-method> <!-- teardown -->
        <test-method is-config="true" signature="setup(java.lang.String)[pri:0, instance:com.nopCommerceapplication.testcases.Logintest@6c64cb25]" started-at="2024-02-23T13:06:26 IST" name="setup" finished-at="2024-02-23T13:06:32 IST" duration-ms="6246" status="PASS">
          <params>
            <param index="0">
              <value>
                <![CDATA[chrome]]>
              </value>
            </param>
          </params>
          <reporter-output>
          </reporter-output>
        </test-method> <!-- setup -->
        <test-method signature="logintestwithonlypasswordispassed()[pri:4, instance:com.nopCommerceapplication.testcases.Logintest@6c64cb25]" started-at="2024-02-23T13:06:32 IST" name="logintestwithonlypasswordispassed" finished-at="2024-02-23T13:06:33 IST" duration-ms="558" status="PASS">
          <reporter-output>
          </reporter-output>
        </test-method> <!-- logintestwithonlypasswordispassed -->
        <test-method is-config="true" signature="teardown()[pri:0, instance:com.nopCommerceapplication.testcases.Logintest@6c64cb25]" started-at="2024-02-23T13:06:33 IST" name="teardown" finished-at="2024-02-23T13:06:33 IST" duration-ms="192" status="PASS">
          <reporter-output>
          </reporter-output>
        </test-method> <!-- teardown -->
      </class> <!-- com.nopCommerceapplication.testcases.Logintest -->
      <class name="com.nopCommerceapplication.testcases.Addcustomertest">
        <test-method is-config="true" signature="setup(java.lang.String)[pri:0, instance:com.nopCommerceapplication.testcases.Addcustomertest@2f9f7dcf]" started-at="2024-02-23T13:07:30 IST" name="setup" finished-at="2024-02-23T13:07:37 IST" duration-ms="6386" status="PASS">
          <params>
            <param index="0">
              <value>
                <![CDATA[chrome]]>
              </value>
            </param>
          </params>
          <reporter-output>
          </reporter-output>
        </test-method> <!-- setup -->
        <test-method signature="Addcustomer()[pri:0, instance:com.nopCommerceapplication.testcases.Addcustomertest@2f9f7dcf]" started-at="2024-02-23T13:07:37 IST" name="Addcustomer" finished-at="2024-02-23T13:07:47 IST" duration-ms="10525" status="PASS">
          <reporter-output>
          </reporter-output>
        </test-method> <!-- Addcustomer -->
        <test-method is-config="true" signature="teardown()[pri:0, instance:com.nopCommerceapplication.testcases.Addcustomertest@2f9f7dcf]" started-at="2024-02-23T13:07:47 IST" name="teardown" finished-at="2024-02-23T13:07:47 IST" duration-ms="210" status="PASS">
          <reporter-output>
          </reporter-output>
        </test-method> <!-- teardown -->
      </class> <!-- com.nopCommerceapplication.testcases.Addcustomertest -->
    </test> <!-- Test -->
  </suite> <!-- Suite -->
</testng-results>
